      0.000250        4.000000        0.000000        1.000000        0.375000
      0.000750        4.000000        0.000000        1.000000        0.375000
      0.001250        4.000000        0.000000        1.000000        0.375000
      0.001750        4.000000        0.000000        1.000000        0.375000
      0.002250        4.000000        0.000000        1.000000        0.375000
      0.002750        4.000000        0.000000        1.000000        0.375000
      0.003250        4.000000        0.000000        1.000000        0.375000
      0.003750        4.000000        0.000000        1.000000        0.375000
      0.004250        4.000000        0.000000        1.000000        0.375000
      0.004750        4.000000        0.000000        1.000000        0.375000
      0.005250        4.000000        0.000000        1.000000        0.375000
      0.005750        4.000000        0.000000        1.000000        0.375000
      0.006250        4.000000        0.000000        1.000000        0.375000
      0.006750        4.000000        0.000000        1.000000        0.375000
      0.007250        4.000000        0.000000        1.000000        0.375000
      0.007750        4.000000        0.000000        1.000000        0.375000
      0.008250        4.000000        0.000000        1.000000        0.375000
      0.008750        4.000000        0.000000        1.000000        0.375000
      0.009250        4.000000        0.000000        1.000000        0.375000
      0.009750        4.000000        0.000000        1.000000        0.375000
      0.010250        4.000000        0.000000        1.000000        0.375000
      0.010750        4.000000        0.000000        1.000000        0.375000
      0.011250        4.000000        0.000000        1.000000        0.375000
      0.011750        4.000000        0.000000        1.000000        0.375000
      0.012250        4.000000        0.000000        1.000000        0.375000
      0.012750        4.000000        0.000000        1.000000        0.375000
      0.013250        4.000000        0.000000        1.000000        0.375000
      0.013750        4.000000        0.000000        1.000000        0.375000
      0.014250        4.000000        0.000000        1.000000        0.375000
      0.014750        4.000000        0.000000        1.000000        0.375000
      0.015250        4.000000        0.000000        1.000000        0.375000
      0.015750        4.000000        0.000000        1.000000        0.375000
      0.016250        4.000000        0.000000        1.000000        0.375000
      0.016750        4.000000        0.000000        1.000000        0.375000
      0.017250        4.000000        0.000000        1.000000        0.375000
      0.017750        4.000000        0.000000        1.000000        0.375000
      0.018250        4.000000        0.000000        1.000000        0.375000
      0.018750        4.000000        0.000000        1.000000        0.375000
      0.019250        4.000000        0.000000        1.000000        0.375000
      0.019750        4.000000        0.000000        1.000000        0.375000
      0.020250        4.000000        0.000000        1.000000        0.375000
      0.020750        4.000000        0.000000        1.000000        0.375000
      0.021250        4.000000        0.000000        1.000000        0.375000
      0.021750        4.000000        0.000000        1.000000        0.375000
      0.022250        4.000000        0.000000        1.000000        0.375000
      0.022750        4.000000        0.000000        1.000000        0.375000
      0.023250        4.000000        0.000000        1.000000        0.375000
      0.023750        4.000000        0.000000        1.000000        0.375000
      0.024250        4.000000        0.000000        1.000000        0.375000
      0.024750        4.000000        0.000000        1.000000        0.375000
      0.025250        4.000000        0.000000        1.000000        0.375000
      0.025750        4.000000        0.000000        1.000000        0.375000
      0.026250        4.000000        0.000000        1.000000        0.375000
      0.026750        4.000000        0.000000        1.000000        0.375000
      0.027250        4.000000        0.000000        1.000000        0.375000
      0.027750        4.000000        0.000000        1.000000        0.375000
      0.028250        4.000000        0.000000        1.000000        0.375000
      0.028750        4.000000        0.000000        1.000000        0.375000
      0.029250        4.000000        0.000000        1.000000        0.375000
      0.029750        4.000000        0.000000        1.000000        0.375000
      0.030250        4.000000        0.000000        1.000000        0.375000
      0.030750        4.000000        0.000000        1.000000        0.375000
      0.031250        4.000000        0.000000        1.000000        0.375000
      0.031750        4.000000        0.000000        1.000000        0.375000
      0.032250        4.000000        0.000000        1.000000        0.375000
      0.032750        4.000000        0.000000        1.000000        0.375000
      0.033250        4.000000        0.000000        1.000000        0.375000
      0.033750        4.000000        0.000000        1.000000        0.375000
      0.034250        4.000000        0.000000        1.000000        0.375000
      0.034750        4.000000        0.000000        1.000000        0.375000
      0.035250        4.000000        0.000000        1.000000        0.375000
      0.035750        4.000000        0.000000        1.000000        0.375000
      0.036250        4.000000        0.000000        1.000000        0.375000
      0.036750        4.000000        0.000000        1.000000        0.375000
      0.037250        4.000000        0.000000        1.000000        0.375000
      0.037750        4.000000        0.000000        1.000000        0.375000
      0.038250        4.000000        0.000000        1.000000        0.375000
      0.038750        4.000000        0.000000        1.000000        0.375000
      0.039250        4.000000        0.000000        1.000000        0.375000
      0.039750        4.000000        0.000000        1.000000        0.375000
      0.040250        4.000000        0.000000        1.000000        0.375000
      0.040750        4.000000        0.000000        1.000000        0.375000
      0.041250        4.000000        0.000000        1.000000        0.375000
      0.041750        4.000000        0.000000        1.000000        0.375000
      0.042250        4.000000        0.000000        1.000000        0.375000
      0.042750        4.000000        0.000000        1.000000        0.375000
      0.043250        4.000000        0.000000        1.000000        0.375000
      0.043750        4.000000        0.000000        1.000000        0.375000
      0.044250        4.000000        0.000000        1.000000        0.375000
      0.044750        4.000000        0.000000        1.000000        0.375000
      0.045250        4.000000        0.000000        1.000000        0.375000
      0.045750        4.000000        0.000000        1.000000        0.375000
      0.046250        4.000000        0.000000        1.000000        0.375000
      0.046750        4.000000        0.000000        1.000000        0.375000
      0.047250        4.000000        0.000000        1.000000        0.375000
      0.047750        4.000000        0.000000        1.000000        0.375000
      0.048250        4.000000        0.000000        1.000000        0.375000
      0.048750        4.000000        0.000000        1.000000        0.375000
      0.049250        4.000000        0.000000        1.000000        0.375000
      0.049750        4.000000        0.000000        1.000000        0.375000
      0.050250        4.000000        0.000000        1.000000        0.375000
      0.050750        4.000000        0.000000        1.000000        0.375000
      0.051250        4.000000        0.000000        1.000000        0.375000
      0.051750        4.000000        0.000000        1.000000        0.375000
      0.052250        4.000000        0.000000        1.000000        0.375000
      0.052750        4.000000        0.000000        1.000000        0.375000
      0.053250        4.000000        0.000000        1.000000        0.375000
      0.053750        4.000000        0.000000        1.000000        0.375000
      0.054250        4.000000        0.000000        1.000000        0.375000
      0.054750        4.000000        0.000000        1.000000        0.375000
      0.055250        4.000000        0.000000        1.000000        0.375000
      0.055750        4.000000        0.000000        1.000000        0.375000
      0.056250        4.000000        0.000000        1.000000        0.375000
      0.056750        4.000000        0.000000        1.000000        0.375000
      0.057250        4.000000        0.000000        1.000000        0.375000
      0.057750        4.000000        0.000000        1.000000        0.375000
      0.058250        4.000000        0.000000        1.000000        0.375000
      0.058750        4.000000        0.000000        1.000000        0.375000
      0.059250        4.000000        0.000000        1.000000        0.375000
      0.059750        4.000000        0.000000        1.000000        0.375000
      0.060250        4.000000        0.000000        1.000000        0.375000
      0.060750        4.000000        0.000000        1.000000        0.375000
      0.061250        4.000000        0.000000        1.000000        0.375000
      0.061750        4.000000        0.000000        1.000000        0.375000
      0.062250        4.000000        0.000000        1.000000        0.375000
      0.062750        4.000000        0.000000        1.000000        0.375000
      0.063250        4.000000        0.000000        1.000000        0.375000
      0.063750        4.000000        0.000000        1.000000        0.375000
      0.064250        4.000000        0.000000        1.000000        0.375000
      0.064750        4.000000        0.000000        1.000000        0.375000
      0.065250        4.000000        0.000000        1.000000        0.375000
      0.065750        4.000000        0.000000        1.000000        0.375000
      0.066250        4.000000        0.000000        1.000000        0.375000
      0.066750        4.000000        0.000000        1.000000        0.375000
      0.067250        4.000000        0.000000        1.000000        0.375000
      0.067750        4.000000        0.000000        1.000000        0.375000
      0.068250        4.000000        0.000000        1.000000        0.375000
      0.068750        4.000000        0.000000        1.000000        0.375000
      0.069250        4.000000        0.000000        1.000000        0.375000
      0.069750        4.000000        0.000000        1.000000        0.375000
      0.070250        4.000000        0.000000        1.000000        0.375000
      0.070750        4.000000        0.000000        1.000000        0.375000
      0.071250        4.000000        0.000000        1.000000        0.375000
      0.071750        4.000000        0.000000        1.000000        0.375000
      0.072250        4.000000        0.000000        1.000000        0.375000
      0.072750        4.000000        0.000000        1.000000        0.375000
      0.073250        4.000000        0.000000        1.000000        0.375000
      0.073750        4.000000        0.000000        1.000000        0.375000
      0.074250        4.000000        0.000000        1.000000        0.375000
      0.074750        4.000000        0.000000        1.000000        0.375000
      0.075250        4.000000        0.000000        1.000000        0.375000
      0.075750        4.000000        0.000000        1.000000        0.375000
      0.076250        4.000000        0.000000        1.000000        0.375000
      0.076750        4.000000        0.000000        1.000000        0.375000
      0.077250        4.000000        0.000000        1.000000        0.375000
      0.077750        4.000000        0.000000        1.000000        0.375000
      0.078250        4.000000        0.000000        1.000000        0.375000
      0.078750        4.000000        0.000000        1.000000        0.375000
      0.079250        4.000000        0.000000        1.000000        0.375000
      0.079750        4.000000        0.000000        1.000000        0.375000
      0.080250        4.000000        0.000000        1.000000        0.375000
      0.080750        4.000000        0.000000        1.000000        0.375000
      0.081250        4.000000        0.000000        1.000000        0.375000
      0.081750        4.000000        0.000000        1.000000        0.375000
      0.082250        4.000000        0.000000        1.000000        0.375000
      0.082750        4.000000        0.000000        1.000000        0.375000
      0.083250        4.000000        0.000000        1.000000        0.375000
      0.083750        4.000000        0.000000        1.000000        0.375000
      0.084250        4.000000        0.000000        1.000000        0.375000
      0.084750        4.000000        0.000000        1.000000        0.375000
      0.085250        4.000000        0.000000        1.000000        0.375000
      0.085750        4.000000        0.000000        1.000000        0.375000
      0.086250        4.000000        0.000000        1.000000        0.375000
      0.086750        4.000000        0.000000        1.000000        0.375000
      0.087250        4.000000        0.000000        1.000000        0.375000
      0.087750        4.000000        0.000000        1.000000        0.375000
      0.088250        4.000000        0.000000        1.000000        0.375000
      0.088750        4.000000        0.000000        1.000000        0.375000
      0.089250        4.000000        0.000000        1.000000        0.375000
      0.089750        4.000000        0.000000        1.000000        0.375000
      0.090250        4.000000        0.000000        1.000000        0.375000
      0.090750        4.000000        0.000000        1.000000        0.375000
      0.091250        4.000000        0.000000        1.000000        0.375000
      0.091750        4.000000        0.000000        1.000000        0.375000
      0.092250        4.000000        0.000000        1.000000        0.375000
      0.092750        4.000000        0.000000        1.000000        0.375000
      0.093250        4.000000        0.000000        1.000000        0.375000
      0.093750        4.000000        0.000000        1.000000        0.375000
      0.094250        4.000000        0.000000        1.000000        0.375000
      0.094750        4.000000        0.000000        1.000000        0.375000
      0.095250        4.000000        0.000000        1.000000        0.375000
      0.095750        4.000000        0.000000        1.000000        0.375000
      0.096250        4.000000        0.000000        1.000000        0.375000
      0.096750        4.000000        0.000000        1.000000        0.375000
      0.097250        4.000000        0.000000        1.000000        0.375000
      0.097750        4.000000        0.000000        1.000000        0.375000
      0.098250        4.000000        0.000000        1.000000        0.375000
      0.098750        4.000000        0.000000        1.000000        0.375000
      0.099250        4.000000        0.000000        1.000000        0.375000
      0.099750        4.000000        0.000000        1.000000        0.375000
      0.100250        4.000000        0.000000        1.000000        0.375000
      0.100750        4.000000        0.000000        1.000000        0.375000
      0.101250        4.000000        0.000000        1.000000        0.375000
      0.101750        4.000000        0.000000        1.000000        0.375000
      0.102250        4.000000        0.000000        1.000000        0.375000
      0.102750        4.000000        0.000000        1.000000        0.375000
      0.103250        4.000000        0.000000        1.000000        0.375000
      0.103750        4.000000        0.000000        1.000000        0.375000
      0.104250        4.000000        0.000000        1.000000        0.375000
      0.104750        4.000000        0.000000        1.000000        0.375000
      0.105250        4.000000        0.000000        1.000000        0.375000
      0.105750        4.000000        0.000000        1.000000        0.375000
      0.106250        4.000000        0.000000        1.000000        0.375000
      0.106750        4.000000        0.000000        1.000000        0.375000
      0.107250        4.000000        0.000000        1.000000        0.375000
      0.107750        4.000000        0.000000        1.000000        0.375000
      0.108250        4.000000        0.000000        1.000000        0.375000
      0.108750        4.000000        0.000000        1.000000        0.375000
      0.109250        4.000000        0.000000        1.000000        0.375000
      0.109750        4.000000        0.000000        1.000000        0.375000
      0.110250        4.000000        0.000000        1.000000        0.375000
      0.110750        4.000000        0.000000        1.000000        0.375000
      0.111250        4.000000        0.000000        1.000000        0.375000
      0.111750        4.000000        0.000000        1.000000        0.375000
      0.112250        4.000000        0.000000        1.000000        0.375000
      0.112750        4.000000        0.000000        1.000000        0.375000
      0.113250        4.000000        0.000000        1.000000        0.375000
      0.113750        4.000000        0.000000        1.000000        0.375000
      0.114250        4.000000        0.000000        1.000000        0.375000
      0.114750        4.000000        0.000000        1.000000        0.375000
      0.115250        4.000000        0.000000        1.000000        0.375000
      0.115750        4.000000        0.000000        1.000000        0.375000
      0.116250        4.000000        0.000000        1.000000        0.375000
      0.116750        4.000000        0.000000        1.000000        0.375000
      0.117250        4.000000        0.000000        1.000000        0.375000
      0.117750        4.000000        0.000000        1.000000        0.375000
      0.118250        4.000000        0.000000        1.000000        0.375000
      0.118750        4.000000        0.000000        1.000000        0.375000
      0.119250        4.000000        0.000000        1.000000        0.375000
      0.119750        4.000000        0.000000        1.000000        0.375000
      0.120250        4.000000        0.000000        1.000000        0.375000
      0.120750        4.000000        0.000000        1.000000        0.375000
      0.121250        4.000000        0.000000        1.000000        0.375000
      0.121750        4.000000        0.000000        1.000000        0.375000
      0.122250        4.000000        0.000000        1.000000        0.375000
      0.122750        4.000000        0.000000        1.000000        0.375000
      0.123250        4.000000        0.000000        1.000000        0.375000
      0.123750        4.000000        0.000000        1.000000        0.375000
      0.124250        4.000000        0.000000        1.000000        0.375000
      0.124750        4.000000        0.000000        1.000000        0.375000
      0.125250        4.000000        0.000000        1.000000        0.375000
      0.125750        4.000000        0.000000        1.000000        0.375000
      0.126250        4.000000        0.000000        1.000000        0.375000
      0.126750        4.000000        0.000000        1.000000        0.375000
      0.127250        4.000000        0.000000        1.000000        0.375000
      0.127750        4.000000        0.000000        1.000000        0.375000
      0.128250        4.000000        0.000000        1.000000        0.375000
      0.128750        4.000000        0.000000        1.000000        0.375000
      0.129250        4.000000        0.000000        1.000000        0.375000
      0.129750        4.000000        0.000000        1.000000        0.375000
      0.130250        4.000000        0.000000        1.000000        0.375000
      0.130750        4.000000        0.000000        1.000000        0.375000
      0.131250        4.000000        0.000000        1.000000        0.375000
      0.131750        4.000000        0.000000        1.000000        0.375000
      0.132250        4.000000        0.000000        1.000000        0.375000
      0.132750        4.000000        0.000000        1.000000        0.375000
      0.133250        4.000000        0.000000        1.000000        0.375000
      0.133750        4.000000        0.000000        1.000000        0.375000
      0.134250        4.000000        0.000000        1.000000        0.375000
      0.134750        4.000000        0.000000        1.000000        0.375000
      0.135250        4.000000        0.000000        1.000000        0.375000
      0.135750        4.000000        0.000000        1.000000        0.375000
      0.136250        4.000000        0.000000        1.000000        0.375000
      0.136750        4.000000        0.000000        1.000000        0.375000
      0.137250        4.000000        0.000000        1.000000        0.375000
      0.137750        4.000000        0.000000        1.000000        0.375000
      0.138250        4.000000        0.000000        1.000000        0.375000
      0.138750        4.000000        0.000000        1.000000        0.375000
      0.139250        4.000000        0.000000        1.000000        0.375000
      0.139750        4.000000        0.000000        1.000000        0.375000
      0.140250        4.000000        0.000000        1.000000        0.375000
      0.140750        4.000000        0.000000        1.000000        0.375000
      0.141250        4.000000        0.000000        1.000000        0.375000
      0.141750        4.000000        0.000000        1.000000        0.375000
      0.142250        4.000000        0.000000        1.000000        0.375000
      0.142750        4.000000        0.000000        1.000000        0.375000
      0.143250        4.000000        0.000000        1.000000        0.375000
      0.143750        4.000000        0.000000        1.000000        0.375000
      0.144250        4.000000        0.000000        1.000000        0.375000
      0.144750        4.000000        0.000000        1.000000        0.375000
      0.145250        4.000000        0.000000        1.000000        0.375000
      0.145750        4.000000        0.000000        1.000000        0.375000
      0.146250        4.000000        0.000000        1.000000        0.375000
      0.146750        4.000000        0.000000        1.000000        0.375000
      0.147250        4.000000        0.000000        1.000000        0.375000
      0.147750        4.000000        0.000000        1.000000        0.375000
      0.148250        4.000000        0.000000        1.000000        0.375000
      0.148750        4.000000        0.000000        1.000000        0.375000
      0.149250        4.000000        0.000000        1.000000        0.375000
      0.149750        4.000000        0.000000        1.000000        0.375000
      0.150250        4.000000        0.000000        1.000000        0.375000
      0.150750        4.000000        0.000000        1.000000        0.375000
      0.151250        4.000000        0.000000        1.000000        0.375000
      0.151750        4.000000        0.000000        1.000000        0.375000
      0.152250        4.000000        0.000000        1.000000        0.375000
      0.152750        4.000000        0.000000        1.000000        0.375000
      0.153250        4.000000        0.000000        1.000000        0.375000
      0.153750        4.000000        0.000000        1.000000        0.375000
      0.154250        4.000000        0.000000        1.000000        0.375000
      0.154750        4.000000        0.000000        1.000000        0.375000
      0.155250        4.000000        0.000000        1.000000        0.375000
      0.155750        4.000000        0.000000        1.000000        0.375000
      0.156250        4.000000        0.000000        1.000000        0.375000
      0.156750        4.000000        0.000000        1.000000        0.375000
      0.157250        4.000000        0.000000        1.000000        0.375000
      0.157750        4.000000        0.000000        1.000000        0.375000
      0.158250        4.000000        0.000000        1.000000        0.375000
      0.158750        4.000000        0.000000        1.000000        0.375000
      0.159250        4.000000        0.000000        1.000000        0.375000
      0.159750        4.000000        0.000000        1.000000        0.375000
      0.160250        4.000000        0.000000        1.000000        0.375000
      0.160750        4.000000        0.000000        1.000000        0.375000
      0.161250        4.000000        0.000000        1.000000        0.375000
      0.161750        4.000000        0.000000        1.000000        0.375000
      0.162250        4.000000        0.000000        1.000000        0.375000
      0.162750        4.000000        0.000000        1.000000        0.375000
      0.163250        4.000000        0.000000        1.000000        0.375000
      0.163750        4.000000        0.000000        1.000000        0.375000
      0.164250        4.000000        0.000000        1.000000        0.375000
      0.164750        4.000000        0.000000        1.000000        0.375000
      0.165250        4.000000        0.000000        1.000000        0.375000
      0.165750        4.000000        0.000000        1.000000        0.375000
      0.166250        4.000000        0.000000        1.000000        0.375000
      0.166750        4.000000        0.000000        1.000000        0.375000
      0.167250        4.000000        0.000000        1.000000        0.375000
      0.167750        4.000000        0.000000        1.000000        0.375000
      0.168250        4.000000        0.000000        1.000000        0.375000
      0.168750        4.000000        0.000000        1.000000        0.375000
      0.169250        4.000000        0.000000        1.000000        0.375000
      0.169750        4.000000        0.000000        1.000000        0.375000
      0.170250        4.000000        0.000000        1.000000        0.375000
      0.170750        4.000000        0.000000        1.000000        0.375000
      0.171250        4.000000        0.000000        1.000000        0.375000
      0.171750        4.000000        0.000000        1.000000        0.375000
      0.172250        4.000000        0.000000        1.000000        0.375000
      0.172750        3.991886        0.001310        0.996621        0.374493
      0.173250        3.972579        0.004435        0.988600        0.373284
      0.173750        3.953333        0.007560        0.980631        0.372078
      0.174250        3.934151        0.010685        0.972714        0.370873
      0.174750        3.915029        0.013810        0.964847        0.369670
      0.175250        3.895971        0.016935        0.957031        0.368470
      0.175750        3.876973        0.020060        0.949266        0.367271
      0.176250        3.858038        0.023185        0.941552        0.366074
      0.176750        3.839166        0.026310        0.933888        0.364879
      0.177250        3.820355        0.029435        0.926274        0.363686
      0.177750        3.801605        0.032560        0.918710        0.362495
      0.178250        3.782916        0.035685        0.911195        0.361306
      0.178750        3.764289        0.038810        0.903729        0.360119
      0.179250        3.745724        0.041935        0.896313        0.358934
      0.179750        3.727219        0.045060        0.888945        0.357751
      0.180250        3.708775        0.048185        0.881625        0.356570
      0.180750        3.690392        0.051310        0.874354        0.355391
      0.181250        3.672070        0.054435        0.867132        0.354214
      0.181750        3.653808        0.057560        0.859956        0.353038
      0.182250        3.635608        0.060685        0.852829        0.351865
      0.182750        3.617469        0.063810        0.845749        0.350694
      0.183250        3.599389        0.066935        0.838716        0.349524
      0.183750        3.581370        0.070060        0.831729        0.348357
      0.184250        3.563411        0.073185        0.824790        0.347191
      0.184750        3.545512        0.076310        0.817896        0.346027
      0.185250        3.527673        0.079436        0.811049        0.344866
      0.185750        3.509894        0.082560        0.804248        0.343706
      0.186250        3.492174        0.085685        0.797492        0.342548
      0.186750        3.474516        0.088810        0.790783        0.341393
      0.187250        3.456917        0.091935        0.784118        0.340239
      0.187750        3.439376        0.095060        0.777498        0.339087
      0.188250        3.421896        0.098185        0.770923        0.337937
      0.188750        3.404474        0.101310        0.764393        0.336789
      0.189250        3.387113        0.104435        0.757907        0.335643
      0.189750        3.369809        0.107560        0.751465        0.334499
      0.190250        3.352565        0.110685        0.745067        0.333357
      0.190750        3.335380        0.113810        0.738713        0.332217
      0.191250        3.318254        0.116935        0.732402        0.331079
      0.191750        3.301186        0.120060        0.726134        0.329942
      0.192250        3.284177        0.123185        0.719909        0.328808
      0.192750        3.267228        0.126310        0.713727        0.327676
      0.193250        3.250335        0.129436        0.707588        0.326545
      0.193750        3.233502        0.132560        0.701491        0.325417
      0.194250        3.216727        0.135685        0.695436        0.324290
      0.194750        3.200009        0.138810        0.689422        0.323166
      0.195250        3.183351        0.141935        0.683451        0.322043
      0.195750        3.166748        0.145060        0.677521        0.320923
      0.196250        3.150206        0.148185        0.671632        0.319804
      0.196750        3.133719        0.151311        0.665784        0.318687
      0.197250        3.117291        0.154435        0.659977        0.317573
      0.197750        3.100921        0.157560        0.654211        0.316460
      0.198250        3.084607        0.160685        0.648485        0.315349
      0.198750        3.068352        0.163810        0.642799        0.314240
      0.199250        3.052153        0.166935        0.637153        0.313133
      0.199750        3.036011        0.170060        0.631547        0.312028
      0.200250        3.019927        0.173186        0.625980        0.310925
      0.200750        3.003899        0.176310        0.620453        0.309824
      0.201250        2.987928        0.179436        0.614965        0.308725
      0.201750        2.972013        0.182560        0.609515        0.307627
      0.202250        2.956157        0.185685        0.604105        0.306532
      0.202750        2.940356        0.188810        0.598733        0.305439
      0.203250        2.924611        0.191935        0.593399        0.304348
      0.203750        2.908923        0.195060        0.588103        0.303258
      0.204250        2.893290        0.198185        0.582845        0.302171
      0.204750        2.877714        0.201311        0.577625        0.301085
      0.205250        2.862194        0.204435        0.572442        0.300002
      0.205750        2.846731        0.207560        0.567297        0.298920
      0.206250        2.831321        0.210685        0.562189        0.297841
      0.206750        2.815969        0.213810        0.557117        0.296763
      0.207250        2.800673        0.216936        0.552082        0.295687
      0.207750        2.785431        0.220060        0.547084        0.294614
      0.208250        2.770245        0.223186        0.542122        0.293542
      0.208750        2.755114        0.226310        0.537196        0.292472
      0.209250        2.740039        0.229435        0.532306        0.291404
      0.209750        2.725017        0.232560        0.527451        0.290338
      0.210250        2.710052        0.235685        0.522632        0.289274
      0.210750        2.695142        0.238810        0.517848        0.288212
      0.211250        2.680285        0.241935        0.513100        0.287152
      0.211750        2.665484        0.245061        0.508386        0.286094
      0.212250        2.650738        0.248185        0.503707        0.285038
      0.212750        2.636046        0.251310        0.499063        0.283984
      0.213250        2.621409        0.254435        0.494453        0.282931
      0.213750        2.606825        0.257560        0.489876        0.281881
      0.214250        2.592296        0.260686        0.485334        0.280833
      0.214750        2.577821        0.263810        0.480826        0.279786
      0.215250        2.563399        0.266936        0.476351        0.278742
      0.215750        2.549032        0.270060        0.471910        0.277699
      0.216250        2.534718        0.273186        0.467501        0.276659
      0.216750        2.520459        0.276310        0.463126        0.275620
      0.217250        2.506253        0.279435        0.458784        0.274584
      0.217750        2.492100        0.282560        0.454474        0.273549
      0.218250        2.478001        0.285685        0.450197        0.272516
      0.218750        2.463954        0.288811        0.445952        0.271485
      0.219250        2.449961        0.291935        0.441739        0.270457
      0.219750        2.436021        0.295061        0.437558        0.269430
      0.220250        2.422136        0.298185        0.433409        0.268405
      0.220750        2.408302        0.301310        0.429291        0.267382
      0.221250        2.394520        0.304435        0.425204        0.266361
      0.221750        2.382778        0.307107        0.421735        0.265489
      0.222250        2.382778        0.307107        0.421735        0.265489
      0.222750        2.382778        0.307107        0.421735        0.265489
      0.223250        2.382778        0.307107        0.421735        0.265489
      0.223750        2.382778        0.307107        0.421735        0.265489
      0.224250        2.382778        0.307107        0.421735        0.265489
      0.224750        2.382778        0.307107        0.421735        0.265489
      0.225250        2.382778        0.307107        0.421735        0.265489
      0.225750        2.382778        0.307107        0.421735        0.265489
      0.226250        2.382778        0.307107        0.421735        0.265489
      0.226750        2.382778        0.307107        0.421735        0.265489
      0.227250        2.382778        0.307107        0.421735        0.265489
      0.227750        2.382778        0.307107        0.421735        0.265489
      0.228250        2.382778        0.307107        0.421735        0.265489
      0.228750        2.382778        0.307107        0.421735        0.265489
      0.229250        2.382778        0.307107        0.421735        0.265489
      0.229750        2.382778        0.307107        0.421735        0.265489
      0.230250        2.382778        0.307107        0.421735        0.265489
      0.230750        2.382778        0.307107        0.421735        0.265489
      0.231250        2.382778        0.307107        0.421735        0.265489
      0.231750        2.382778        0.307107        0.421735        0.265489
      0.232250        2.382778        0.307107        0.421735        0.265489
      0.232750        2.382778        0.307107        0.421735        0.265489
      0.233250        2.382778        0.307107        0.421735        0.265489
      0.233750        2.382778        0.307107        0.421735        0.265489
      0.234250        2.382778        0.307107        0.421735        0.265489
      0.234750        2.382778        0.307107        0.421735        0.265489
      0.235250        2.382778        0.307107        0.421735        0.265489
      0.235750        2.382778        0.307107        0.421735        0.265489
      0.236250        2.382778        0.307107        0.421735        0.265489
      0.236750        2.382778        0.307107        0.421735        0.265489
      0.237250        2.382778        0.307107        0.421735        0.265489
      0.237750        2.382778        0.307107        0.421735        0.265489
      0.238250        2.382778        0.307107        0.421735        0.265489
      0.238750        2.382778        0.307107        0.421735        0.265489
      0.239250        2.382778        0.307107        0.421735        0.265489
      0.239750        2.382778        0.307107        0.421735        0.265489
      0.240250        2.382778        0.307107        0.421735        0.265489
      0.240750        2.382778        0.307107        0.421735        0.265489
      0.241250        2.382778        0.307107        0.421735        0.265489
      0.241750        2.382778        0.307107        0.421735        0.265489
      0.242250        2.382778        0.307107        0.421735        0.265489
      0.242750        2.382778        0.307107        0.421735        0.265489
      0.243250        2.382778        0.307107        0.421735        0.265489
      0.243750        2.382778        0.307107        0.421735        0.265489
      0.244250        2.382778        0.307107        0.421735        0.265489
      0.244750        2.382778        0.307107        0.421735        0.265489
      0.245250        2.382778        0.307107        0.421735        0.265489
      0.245750        2.382778        0.307107        0.421735        0.265489
      0.246250        2.382778        0.307107        0.421735        0.265489
      0.246750        2.382778        0.307107        0.421735        0.265489
      0.247250        2.382778        0.307107        0.421735        0.265489
      0.247750        2.382778        0.307107        0.421735        0.265489
      0.248250        2.382778        0.307107        0.421735        0.265489
      0.248750        2.382778        0.307107        0.421735        0.265489
      0.249250        2.382778        0.307107        0.421735        0.265489
      0.249750        2.382778        0.307107        0.421735        0.265489
      0.250250        2.382778        0.307107        0.421735        0.265489
      0.250750        2.382778        0.307107        0.421735        0.265489
      0.251250        2.382778        0.307107        0.421735        0.265489
      0.251750        2.382778        0.307107        0.421735        0.265489
      0.252250        2.382778        0.307107        0.421735        0.265489
      0.252750        2.382778        0.307107        0.421735        0.265489
      0.253250        2.382778        0.307107        0.421735        0.265489
      0.253750        2.382778        0.307107        0.421735        0.265489
      0.254250        2.382778        0.307107        0.421735        0.265489
      0.254750        2.382778        0.307107        0.421735        0.265489
      0.255250        2.382778        0.307107        0.421735        0.265489
      0.255750        2.382778        0.307107        0.421735        0.265489
      0.256250        2.382778        0.307107        0.421735        0.265489
      0.256750        2.382778        0.307107        0.421735        0.265489
      0.257250        2.382778        0.307107        0.421735        0.265489
      0.257750        2.382778        0.307107        0.421735        0.265489
      0.258250        2.382778        0.307107        0.421735        0.265489
      0.258750        2.382778        0.307107        0.421735        0.265489
      0.259250        2.382778        0.307107        0.421735        0.265489
      0.259750        2.382778        0.307107        0.421735        0.265489
      0.260250        2.382778        0.307107        0.421735        0.265489
      0.260750        2.382778        0.307107        0.421735        0.265489
      0.261250        2.382778        0.307107        0.421735        0.265489
      0.261750        2.382778        0.307107        0.421735        0.265489
      0.262250        2.382778        0.307107        0.421735        0.265489
      0.262750        2.382778        0.307107        0.421735        0.265489
      0.263250        2.382778        0.307107        0.421735        0.265489
      0.263750        2.382778        0.307107        0.421735        0.265489
      0.264250        2.382778        0.307107        0.421735        0.265489
      0.264750        2.382778        0.307107        0.421735        0.265489
      0.265250        2.382778        0.307107        0.421735        0.265489
      0.265750        2.382778        0.307107        0.421735        0.265489
      0.266250        2.382778        0.307107        0.421735        0.265489
      0.266750        2.382778        0.307107        0.421735        0.265489
      0.267250        2.382778        0.307107        0.421735        0.265489
      0.267750        2.382778        0.307107        0.421735        0.265489
      0.268250        2.382778        0.307107        0.421735        0.265489
      0.268750        2.382778        0.307107        0.421735        0.265489
      0.269250        2.382778        0.307107        0.421735        0.265489
      0.269750        2.382778        0.307107        0.421735        0.265489
      0.270250        2.382778        0.307107        0.421735        0.265489
      0.270750        2.382778        0.307107        0.421735        0.265489
      0.271250        2.382778        0.307107        0.421735        0.265489
      0.271750        2.382778        0.307107        0.421735        0.265489
      0.272250        2.382778        0.307107        0.421735        0.265489
      0.272750        2.382778        0.307107        0.421735        0.265489
      0.273250        2.382778        0.307107        0.421735        0.265489
      0.273750        2.382778        0.307107        0.421735        0.265489
      0.274250        2.382778        0.307107        0.421735        0.265489
      0.274750        2.382778        0.307107        0.421735        0.265489
      0.275250        2.382778        0.307107        0.421735        0.265489
      0.275750        2.382778        0.307107        0.421735        0.265489
      0.276250        2.382778        0.307107        0.421735        0.265489
      0.276750        2.382778        0.307107        0.421735        0.265489
      0.277250        2.382778        0.307107        0.421735        0.265489
      0.277750        2.382778        0.307107        0.421735        0.265489
      0.278250        2.382778        0.307107        0.421735        0.265489
      0.278750        2.382778        0.307107        0.421735        0.265489
      0.279250        2.382778        0.307107        0.421735        0.265489
      0.279750        2.382778        0.307107        0.421735        0.265489
      0.280250        2.382778        0.307107        0.421735        0.265489
      0.280750        2.382778        0.307107        0.421735        0.265489
      0.281250        2.382778        0.307107        0.421735        0.265489
      0.281750        2.382778        0.307107        0.421735        0.265489
      0.282250        2.382778        0.307107        0.421735        0.265489
      0.282750        2.382778        0.307107        0.421735        0.265489
      0.283250        2.382778        0.307107        0.421735        0.265489
      0.283750        2.382778        0.307107        0.421735        0.265489
      0.284250        2.382778        0.307107        0.421735        0.265489
      0.284750        2.382778        0.307107        0.421735        0.265489
      0.285250        2.382778        0.307107        0.421735        0.265489
      0.285750        2.382778        0.307107        0.421735        0.265489
      0.286250        2.382778        0.307107        0.421735        0.265489
      0.286750        2.382778        0.307107        0.421735        0.265489
      0.287250        1.637608        0.307107        0.421735        0.386296
      0.287750        1.637608        0.307107        0.421735        0.386296
      0.288250        1.637608        0.307107        0.421735        0.386296
      0.288750        1.637608        0.307107        0.421735        0.386296
      0.289250        1.637608        0.307107        0.421735        0.386296
      0.289750        1.637608        0.307107        0.421735        0.386296
      0.290250        1.637608        0.307107        0.421735        0.386296
      0.290750        1.637608        0.307107        0.421735        0.386296
      0.291250        1.637608        0.307107        0.421735        0.386296
      0.291750        1.637608        0.307107        0.421735        0.386296
      0.292250        1.637608        0.307107        0.421735        0.386296
      0.292750        1.637608        0.307107        0.421735        0.386296
      0.293250        1.637608        0.307107        0.421735        0.386296
      0.293750        1.637608        0.307107        0.421735        0.386296
      0.294250        1.637608        0.307107        0.421735        0.386296
      0.294750        1.637608        0.307107        0.421735        0.386296
      0.295250        1.637608        0.307107        0.421735        0.386296
      0.295750        1.637608        0.307107        0.421735        0.386296
      0.296250        1.637608        0.307107        0.421735        0.386296
      0.296750        1.637608        0.307107        0.421735        0.386296
      0.297250        1.637608        0.307107        0.421735        0.386296
      0.297750        1.637608        0.307107        0.421735        0.386296
      0.298250        1.637608        0.307107        0.421735        0.386296
      0.298750        1.637608        0.307107        0.421735        0.386296
      0.299250        1.637608        0.307107        0.421735        0.386296
      0.299750        1.637608        0.307107        0.421735        0.386296
      0.300250        1.637608        0.307107        0.421735        0.386296
      0.300750        1.637608        0.307107        0.421735        0.386296
      0.301250        1.637608        0.307107        0.421735        0.386296
      0.301750        1.637608        0.307107        0.421735        0.386296
      0.302250        1.637608        0.307107        0.421735        0.386296
      0.302750        1.637608        0.307107        0.421735        0.386296
      0.303250        1.637608        0.307107        0.421735        0.386296
      0.303750        1.637608        0.307107        0.421735        0.386296
      0.304250        1.637608        0.307107        0.421735        0.386296
      0.304750        1.637608        0.307107        0.421735        0.386296
      0.305250        1.637608        0.307107        0.421735        0.386296
      0.305750        1.637608        0.307107        0.421735        0.386296
      0.306250        1.637608        0.307107        0.421735        0.386296
      0.306750        1.637608        0.307107        0.421735        0.386296
      0.307250        1.637608        0.307107        0.421735        0.386296
      0.307750        1.637608        0.307107        0.421735        0.386296
      0.308250        1.637608        0.307107        0.421735        0.386296
      0.308750        1.637608        0.307107        0.421735        0.386296
      0.309250        1.637608        0.307107        0.421735        0.386296
      0.309750        1.637608        0.307107        0.421735        0.386296
      0.310250        1.637608        0.307107        0.421735        0.386296
      0.310750        1.637608        0.307107        0.421735        0.386296
      0.311250        1.637608        0.307107        0.421735        0.386296
      0.311750        1.637608        0.307107        0.421735        0.386296
      0.312250        1.637608        0.307107        0.421735        0.386296
      0.312750        1.637608        0.307107        0.421735        0.386296
      0.313250        1.637608        0.307107        0.421735        0.386296
      0.313750        1.637608        0.307107        0.421735        0.386296
      0.314250        1.637608        0.307107        0.421735        0.386296
      0.314750        1.637608        0.307107        0.421735        0.386296
      0.315250        1.637608        0.307107        0.421735        0.386296
      0.315750        1.637608        0.307107        0.421735        0.386296
      0.316250        1.637608        0.307107        0.421735        0.386296
      0.316750        1.637608        0.307107        0.421735        0.386296
      0.317250        1.637608        0.307107        0.421735        0.386296
      0.317750        1.637608        0.307107        0.421735        0.386296
      0.318250        1.637608        0.307107        0.421735        0.386296
      0.318750        1.637608        0.307107        0.421735        0.386296
      0.319250        1.637608        0.307107        0.421735        0.386296
      0.319750        1.637608        0.307107        0.421735        0.386296
      0.320250        1.637608        0.307107        0.421735        0.386296
      0.320750        1.637608        0.307107        0.421735        0.386296
      0.321250        1.637608        0.307107        0.421735        0.386296
      0.321750        1.637608        0.307107        0.421735        0.386296
      0.322250        1.637608        0.307107        0.421735        0.386296
      0.322750        1.637608        0.307107        0.421735        0.386296
      0.323250        1.637608        0.307107        0.421735        0.386296
      0.323750        1.637608        0.307107        0.421735        0.386296
      0.324250        1.637608        0.307107        0.421735        0.386296
      0.324750        1.637608        0.307107        0.421735        0.386296
      0.325250        1.637608        0.307107        0.421735        0.386296
      0.325750        1.637608        0.307107        0.421735        0.386296
      0.326250        1.637608        0.307107        0.421735        0.386296
      0.326750        1.637608        0.307107        0.421735        0.386296
      0.327250        1.637608        0.307107        0.421735        0.386296
      0.327750        1.637608        0.307107        0.421735        0.386296
      0.328250        1.637608        0.307107        0.421735        0.386296
      0.328750        1.637608        0.307107        0.421735        0.386296
      0.329250        1.637608        0.307107        0.421735        0.386296
      0.329750        1.637608        0.307107        0.421735        0.386296
      0.330250        1.637608        0.307107        0.421735        0.386296
      0.330750        1.637608        0.307107        0.421735        0.386296
      0.331250        1.637608        0.307107        0.421735        0.386296
      0.331750        1.637608        0.307107        0.421735        0.386296
      0.332250        1.637608        0.307107        0.421735        0.386296
      0.332750        1.637608        0.307107        0.421735        0.386296
      0.333250        1.637608        0.307107        0.421735        0.386296
      0.333750        1.637608        0.307107        0.421735        0.386296
      0.334250        1.637608        0.307107        0.421735        0.386296
      0.334750        1.637608        0.307107        0.421735        0.386296
      0.335250        1.637608        0.307107        0.421735        0.386296
      0.335750        1.637608        0.307107        0.421735        0.386296
      0.336250        1.637608        0.307107        0.421735        0.386296
      0.336750        1.637608        0.307107        0.421735        0.386296
      0.337250        1.637608        0.307107        0.421735        0.386296
      0.337750        1.637608        0.307107        0.421735        0.386296
      0.338250        1.637608        0.307107        0.421735        0.386296
      0.338750        1.637608        0.307107        0.421735        0.386296
      0.339250        1.637608        0.307107        0.421735        0.386296
      0.339750        1.637608        0.307107        0.421735        0.386296
      0.340250        1.637608        0.307107        0.421735        0.386296
      0.340750        1.637608        0.307107        0.421735        0.386296
      0.341250        1.637608        0.307107        0.421735        0.386296
      0.341750        1.637608        0.307107        0.421735        0.386296
      0.342250        1.637608        0.307107        0.421735        0.386296
      0.342750        1.637608        0.307107        0.421735        0.386296
      0.343250        1.637608        0.307107        0.421735        0.386296
      0.343750        1.637608        0.307107        0.421735        0.386296
      0.344250        1.637608        0.307107        0.421735        0.386296
      0.344750        1.000000        0.000000        0.179500        0.269250
      0.345250        1.000000        0.000000        0.179500        0.269250
      0.345750        1.000000        0.000000        0.179500        0.269250
      0.346250        1.000000        0.000000        0.179500        0.269250
      0.346750        1.000000        0.000000        0.179500        0.269250
      0.347250        1.000000        0.000000        0.179500        0.269250
      0.347750        1.000000        0.000000        0.179500        0.269250
      0.348250        1.000000        0.000000        0.179500        0.269250
      0.348750        1.000000        0.000000        0.179500        0.269250
      0.349250        1.000000        0.000000        0.179500        0.269250
      0.349750        1.000000        0.000000        0.179500        0.269250
      0.350250        1.000000        0.000000        0.179500        0.269250
      0.350750        1.000000        0.000000        0.179500        0.269250
      0.351250        1.000000        0.000000        0.179500        0.269250
      0.351750        1.000000        0.000000        0.179500        0.269250
      0.352250        1.000000        0.000000        0.179500        0.269250
      0.352750        1.000000        0.000000        0.179500        0.269250
      0.353250        1.000000        0.000000        0.179500        0.269250
      0.353750        1.000000        0.000000        0.179500        0.269250
      0.354250        1.000000        0.000000        0.179500        0.269250
      0.354750        1.000000        0.000000        0.179500        0.269250
      0.355250        1.000000        0.000000        0.179500        0.269250
      0.355750        1.000000        0.000000        0.179500        0.269250
      0.356250        1.000000        0.000000        0.179500        0.269250
      0.356750        1.000000        0.000000        0.179500        0.269250
      0.357250        1.000000        0.000000        0.179500        0.269250
      0.357750        1.000000        0.000000        0.179500        0.269250
      0.358250        1.000000        0.000000        0.179500        0.269250
      0.358750        1.000000        0.000000        0.179500        0.269250
      0.359250        1.000000        0.000000        0.179500        0.269250
      0.359750        1.000000        0.000000        0.179500        0.269250
      0.360250        1.000000        0.000000        0.179500        0.269250
      0.360750        1.000000        0.000000        0.179500        0.269250
      0.361250        1.000000        0.000000        0.179500        0.269250
      0.361750        1.000000        0.000000        0.179500        0.269250
      0.362250        1.000000        0.000000        0.179500        0.269250
      0.362750        1.000000        0.000000        0.179500        0.269250
      0.363250        1.000000        0.000000        0.179500        0.269250
      0.363750        1.000000        0.000000        0.179500        0.269250
      0.364250        1.000000        0.000000        0.179500        0.269250
      0.364750        1.000000        0.000000        0.179500        0.269250
      0.365250        1.000000        0.000000        0.179500        0.269250
      0.365750        1.000000        0.000000        0.179500        0.269250
      0.366250        1.000000        0.000000        0.179500        0.269250
      0.366750        1.000000        0.000000        0.179500        0.269250
      0.367250        1.000000        0.000000        0.179500        0.269250
      0.367750        1.000000        0.000000        0.179500        0.269250
      0.368250        1.000000        0.000000        0.179500        0.269250
      0.368750        1.000000        0.000000        0.179500        0.269250
      0.369250        1.000000        0.000000        0.179500        0.269250
      0.369750        1.000000        0.000000        0.179500        0.269250
      0.370250        1.000000        0.000000        0.179500        0.269250
      0.370750        1.000000        0.000000        0.179500        0.269250
      0.371250        1.000000        0.000000        0.179500        0.269250
      0.371750        1.000000        0.000000        0.179500        0.269250
      0.372250        1.000000        0.000000        0.179500        0.269250
      0.372750        1.000000        0.000000        0.179500        0.269250
      0.373250        1.000000        0.000000        0.179500        0.269250
      0.373750        1.000000        0.000000        0.179500        0.269250
      0.374250        1.000000        0.000000        0.179500        0.269250
      0.374750        1.000000        0.000000        0.179500        0.269250
      0.375250        1.000000        0.000000        0.179500        0.269250
      0.375750        1.000000        0.000000        0.179500        0.269250
      0.376250        1.000000        0.000000        0.179500        0.269250
      0.376750        1.000000        0.000000        0.179500        0.269250
      0.377250        1.000000        0.000000        0.179500        0.269250
      0.377750        1.000000        0.000000        0.179500        0.269250
      0.378250        1.000000        0.000000        0.179500        0.269250
      0.378750        1.000000        0.000000        0.179500        0.269250
      0.379250        1.000000        0.000000        0.179500        0.269250
      0.379750        1.000000        0.000000        0.179500        0.269250
      0.380250        1.000000        0.000000        0.179500        0.269250
      0.380750        1.000000        0.000000        0.179500        0.269250
      0.381250        1.000000        0.000000        0.179500        0.269250
      0.381750        1.000000        0.000000        0.179500        0.269250
      0.382250        1.000000        0.000000        0.179500        0.269250
      0.382750        1.000000        0.000000        0.179500        0.269250
      0.383250        1.000000        0.000000        0.179500        0.269250
      0.383750        1.000000        0.000000        0.179500        0.269250
      0.384250        1.000000        0.000000        0.179500        0.269250
      0.384750        1.000000        0.000000        0.179500        0.269250
      0.385250        1.000000        0.000000        0.179500        0.269250
      0.385750        1.000000        0.000000        0.179500        0.269250
      0.386250        1.000000        0.000000        0.179500        0.269250
      0.386750        1.000000        0.000000        0.179500        0.269250
      0.387250        1.000000        0.000000        0.179500        0.269250
      0.387750        1.000000        0.000000        0.179500        0.269250
      0.388250        1.000000        0.000000        0.179500        0.269250
      0.388750        1.000000        0.000000        0.179500        0.269250
      0.389250        1.000000        0.000000        0.179500        0.269250
      0.389750        1.000000        0.000000        0.179500        0.269250
      0.390250        1.000000        0.000000        0.179500        0.269250
      0.390750        1.000000        0.000000        0.179500        0.269250
      0.391250        1.000000        0.000000        0.179500        0.269250
      0.391750        1.000000        0.000000        0.179500        0.269250
      0.392250        1.000000        0.000000        0.179500        0.269250
      0.392750        1.000000        0.000000        0.179500        0.269250
      0.393250        1.000000        0.000000        0.179500        0.269250
      0.393750        1.000000        0.000000        0.179500        0.269250
      0.394250        1.000000        0.000000        0.179500        0.269250
      0.394750        1.000000        0.000000        0.179500        0.269250
      0.395250        1.000000        0.000000        0.179500        0.269250
      0.395750        1.000000        0.000000        0.179500        0.269250
      0.396250        1.000000        0.000000        0.179500        0.269250
      0.396750        1.000000        0.000000        0.179500        0.269250
      0.397250        1.000000        0.000000        0.179500        0.269250
      0.397750        1.000000        0.000000        0.179500        0.269250
      0.398250        1.000000        0.000000        0.179500        0.269250
      0.398750        1.000000        0.000000        0.179500        0.269250
      0.399250        1.000000        0.000000        0.179500        0.269250
      0.399750        1.000000        0.000000        0.179500        0.269250
      0.400250        1.000000        0.000000        0.179500        0.269250
      0.400750        1.000000        0.000000        0.179500        0.269250
      0.401250        1.000000        0.000000        0.179500        0.269250
      0.401750        1.000000        0.000000        0.179500        0.269250
      0.402250        1.000000        0.000000        0.179500        0.269250
      0.402750        1.000000        0.000000        0.179500        0.269250
      0.403250        1.000000        0.000000        0.179500        0.269250
      0.403750        1.000000        0.000000        0.179500        0.269250
      0.404250        1.000000        0.000000        0.179500        0.269250
      0.404750        1.000000        0.000000        0.179500        0.269250
      0.405250        1.000000        0.000000        0.179500        0.269250
      0.405750        1.000000        0.000000        0.179500        0.269250
      0.406250        1.000000        0.000000        0.179500        0.269250
      0.406750        1.000000        0.000000        0.179500        0.269250
      0.407250        1.000000        0.000000        0.179500        0.269250
      0.407750        1.000000        0.000000        0.179500        0.269250
      0.408250        1.000000        0.000000        0.179500        0.269250
      0.408750        1.000000        0.000000        0.179500        0.269250
      0.409250        1.000000        0.000000        0.179500        0.269250
      0.409750        1.000000        0.000000        0.179500        0.269250
      0.410250        1.000000        0.000000        0.179500        0.269250
      0.410750        1.000000        0.000000        0.179500        0.269250
      0.411250        1.000000        0.000000        0.179500        0.269250
      0.411750        1.000000        0.000000        0.179500        0.269250
      0.412250        1.000000        0.000000        0.179500        0.269250
      0.412750        1.000000        0.000000        0.179500        0.269250
      0.413250        1.000000        0.000000        0.179500        0.269250
      0.413750        1.000000        0.000000        0.179500        0.269250
      0.414250        1.000000        0.000000        0.179500        0.269250
      0.414750        1.000000        0.000000        0.179500        0.269250
      0.415250        1.000000        0.000000        0.179500        0.269250
      0.415750        1.000000        0.000000        0.179500        0.269250
      0.416250        1.000000        0.000000        0.179500        0.269250
      0.416750        1.000000        0.000000        0.179500        0.269250
      0.417250        1.000000        0.000000        0.179500        0.269250
      0.417750        1.000000        0.000000        0.179500        0.269250
      0.418250        1.000000        0.000000        0.179500        0.269250
      0.418750        1.000000        0.000000        0.179500        0.269250
      0.419250        1.000000        0.000000        0.179500        0.269250
      0.419750        1.000000        0.000000        0.179500        0.269250
      0.420250        1.000000        0.000000        0.179500        0.269250
      0.420750        1.000000        0.000000        0.179500        0.269250
      0.421250        1.000000        0.000000        0.179500        0.269250
      0.421750        1.000000        0.000000        0.179500        0.269250
      0.422250        1.000000        0.000000        0.179500        0.269250
      0.422750        1.000000        0.000000        0.179500        0.269250
      0.423250        1.000000        0.000000        0.179500        0.269250
      0.423750        1.000000        0.000000        0.179500        0.269250
      0.424250        1.000000        0.000000        0.179500        0.269250
      0.424750        1.000000        0.000000        0.179500        0.269250
      0.425250        1.000000        0.000000        0.179500        0.269250
      0.425750        1.000000        0.000000        0.179500        0.269250
      0.426250        1.000000        0.000000        0.179500        0.269250
      0.426750        1.000000        0.000000        0.179500        0.269250
      0.427250        1.000000        0.000000        0.179500        0.269250
      0.427750        1.000000        0.000000        0.179500        0.269250
      0.428250        1.000000        0.000000        0.179500        0.269250
      0.428750        1.000000        0.000000        0.179500        0.269250
      0.429250        1.000000        0.000000        0.179500        0.269250
      0.429750        1.000000        0.000000        0.179500        0.269250
      0.430250        1.000000        0.000000        0.179500        0.269250
      0.430750        1.000000        0.000000        0.179500        0.269250
      0.431250        1.000000        0.000000        0.179500        0.269250
      0.431750        1.000000        0.000000        0.179500        0.269250
      0.432250        1.000000        0.000000        0.179500        0.269250
      0.432750        1.000000        0.000000        0.179500        0.269250
      0.433250        1.000000        0.000000        0.179500        0.269250
      0.433750        1.000000        0.000000        0.179500        0.269250
      0.434250        1.000000        0.000000        0.179500        0.269250
      0.434750        1.000000        0.000000        0.179500        0.269250
      0.435250        1.000000        0.000000        0.179500        0.269250
      0.435750        1.000000        0.000000        0.179500        0.269250
      0.436250        1.000000        0.000000        0.179500        0.269250
      0.436750        1.000000        0.000000        0.179500        0.269250
      0.437250        1.000000        0.000000        0.179500        0.269250
      0.437750        1.000000        0.000000        0.179500        0.269250
      0.438250        1.000000        0.000000        0.179500        0.269250
      0.438750        1.000000        0.000000        0.179500        0.269250
      0.439250        1.000000        0.000000        0.179500        0.269250
      0.439750        1.000000        0.000000        0.179500        0.269250
      0.440250        1.000000        0.000000        0.179500        0.269250
      0.440750        1.000000        0.000000        0.179500        0.269250
      0.441250        1.000000        0.000000        0.179500        0.269250
      0.441750        1.000000        0.000000        0.179500        0.269250
      0.442250        1.000000        0.000000        0.179500        0.269250
      0.442750        1.000000        0.000000        0.179500        0.269250
      0.443250        1.000000        0.000000        0.179500        0.269250
      0.443750        1.000000        0.000000        0.179500        0.269250
      0.444250        1.000000        0.000000        0.179500        0.269250
      0.444750        1.000000        0.000000        0.179500        0.269250
      0.445250        1.000000        0.000000        0.179500        0.269250
      0.445750        1.000000        0.000000        0.179500        0.269250
      0.446250        1.000000        0.000000        0.179500        0.269250
      0.446750        1.000000        0.000000        0.179500        0.269250
      0.447250        1.000000        0.000000        0.179500        0.269250
      0.447750        1.000000        0.000000        0.179500        0.269250
      0.448250        1.000000        0.000000        0.179500        0.269250
      0.448750        1.000000        0.000000        0.179500        0.269250
      0.449250        1.000000        0.000000        0.179500        0.269250
      0.449750        1.000000        0.000000        0.179500        0.269250
      0.450250        1.000000        0.000000        0.179500        0.269250
      0.450750        1.000000        0.000000        0.179500        0.269250
      0.451250        1.000000        0.000000        0.179500        0.269250
      0.451750        1.000000        0.000000        0.179500        0.269250
      0.452250        1.000000        0.000000        0.179500        0.269250
      0.452750        1.000000        0.000000        0.179500        0.269250
      0.453250        1.000000        0.000000        0.179500        0.269250
      0.453750        1.000000        0.000000        0.179500        0.269250
      0.454250        1.000000        0.000000        0.179500        0.269250
      0.454750        1.000000        0.000000        0.179500        0.269250
      0.455250        1.000000        0.000000        0.179500        0.269250
      0.455750        1.000000        0.000000        0.179500        0.269250
      0.456250        1.000000        0.000000        0.179500        0.269250
      0.456750        1.000000        0.000000        0.179500        0.269250
      0.457250        1.000000        0.000000        0.179500        0.269250
      0.457750        1.000000        0.000000        0.179500        0.269250
      0.458250        1.000000        0.000000        0.179500        0.269250
      0.458750        1.000000        0.000000        0.179500        0.269250
      0.459250        1.000000        0.000000        0.179500        0.269250
      0.459750        1.000000        0.000000        0.179500        0.269250
      0.460250        1.000000        0.000000        0.179500        0.269250
      0.460750        1.000000        0.000000        0.179500        0.269250
      0.461250        1.000000        0.000000        0.179500        0.269250
      0.461750        1.000000        0.000000        0.179500        0.269250
      0.462250        1.000000        0.000000        0.179500        0.269250
      0.462750        1.000000        0.000000        0.179500        0.269250
      0.463250        1.000000        0.000000        0.179500        0.269250
      0.463750        1.000000        0.000000        0.179500        0.269250
      0.464250        1.000000        0.000000        0.179500        0.269250
      0.464750        1.000000        0.000000        0.179500        0.269250
      0.465250        1.000000        0.000000        0.179500        0.269250
      0.465750        1.000000        0.000000        0.179500        0.269250
      0.466250        1.000000        0.000000        0.179500        0.269250
      0.466750        1.000000        0.000000        0.179500        0.269250
      0.467250        1.000000        0.000000        0.179500        0.269250
      0.467750        1.000000        0.000000        0.179500        0.269250
      0.468250        1.000000        0.000000        0.179500        0.269250
      0.468750        1.000000        0.000000        0.179500        0.269250
      0.469250        1.000000        0.000000        0.179500        0.269250
      0.469750        1.000000        0.000000        0.179500        0.269250
      0.470250        1.000000        0.000000        0.179500        0.269250
      0.470750        1.000000        0.000000        0.179500        0.269250
      0.471250        1.000000        0.000000        0.179500        0.269250
      0.471750        1.000000        0.000000        0.179500        0.269250
      0.472250        1.000000        0.000000        0.179500        0.269250
      0.472750        1.000000        0.000000        0.179500        0.269250
      0.473250        1.000000        0.000000        0.179500        0.269250
      0.473750        1.000000        0.000000        0.179500        0.269250
      0.474250        1.000000        0.000000        0.179500        0.269250
      0.474750        1.000000        0.000000        0.179500        0.269250
      0.475250        1.000000        0.000000        0.179500        0.269250
      0.475750        1.000000        0.000000        0.179500        0.269250
      0.476250        1.000000        0.000000        0.179500        0.269250
      0.476750        1.000000        0.000000        0.179500        0.269250
      0.477250        1.000000        0.000000        0.179500        0.269250
      0.477750        1.000000        0.000000        0.179500        0.269250
      0.478250        1.000000        0.000000        0.179500        0.269250
      0.478750        1.000000        0.000000        0.179500        0.269250
      0.479250        1.000000        0.000000        0.179500        0.269250
      0.479750        1.000000        0.000000        0.179500        0.269250
      0.480250        1.000000        0.000000        0.179500        0.269250
      0.480750        1.000000        0.000000        0.179500        0.269250
      0.481250        1.000000        0.000000        0.179500        0.269250
      0.481750        1.000000        0.000000        0.179500        0.269250
      0.482250        1.000000        0.000000        0.179500        0.269250
      0.482750        1.000000        0.000000        0.179500        0.269250
      0.483250        1.000000        0.000000        0.179500        0.269250
      0.483750        1.000000        0.000000        0.179500        0.269250
      0.484250        1.000000        0.000000        0.179500        0.269250
      0.484750        1.000000        0.000000        0.179500        0.269250
      0.485250        1.000000        0.000000        0.179500        0.269250
      0.485750        1.000000        0.000000        0.179500        0.269250
      0.486250        1.000000        0.000000        0.179500        0.269250
      0.486750        1.000000        0.000000        0.179500        0.269250
      0.487250        1.000000        0.000000        0.179500        0.269250
      0.487750        1.000000        0.000000        0.179500        0.269250
      0.488250        1.000000        0.000000        0.179500        0.269250
      0.488750        1.000000        0.000000        0.179500        0.269250
      0.489250        1.000000        0.000000        0.179500        0.269250
      0.489750        1.000000        0.000000        0.179500        0.269250
      0.490250        1.000000        0.000000        0.179500        0.269250
      0.490750        1.000000        0.000000        0.179500        0.269250
      0.491250        1.000000        0.000000        0.179500        0.269250
      0.491750        1.000000        0.000000        0.179500        0.269250
      0.492250        1.000000        0.000000        0.179500        0.269250
      0.492750        1.000000        0.000000        0.179500        0.269250
      0.493250        1.000000        0.000000        0.179500        0.269250
      0.493750        1.000000        0.000000        0.179500        0.269250
      0.494250        1.000000        0.000000        0.179500        0.269250
      0.494750        1.000000        0.000000        0.179500        0.269250
      0.495250        1.000000        0.000000        0.179500        0.269250
      0.495750        1.000000        0.000000        0.179500        0.269250
      0.496250        1.000000        0.000000        0.179500        0.269250
      0.496750        1.000000        0.000000        0.179500        0.269250
      0.497250        1.000000        0.000000        0.179500        0.269250
      0.497750        1.000000        0.000000        0.179500        0.269250
      0.498250        1.000000        0.000000        0.179500        0.269250
      0.498750        1.000000        0.000000        0.179500        0.269250
      0.499250        1.000000        0.000000        0.179500        0.269250
      0.499750        1.000000        0.000000        0.179500        0.269250
